[General]
FirstMinTempSavedOn=44942

[HDR]
WDC PC SN530 SDBPNPZ-1T00 (976756 MB)_20387W441206=400
ADATA SP550 (114470 MB)_2G1620076564=2

[HDW]
WDC PC SN530 SDBPNPZ-1T00 (976756 MB)_20387W441206=577
ADATA SP550 (114470 MB)_2G1620076564=109

[Sta_WDC PC SN530 SDBPNPZ-1T00 (976756 MB)_20387W441206]
44942=36,35.50,4,100,35,15717833
MaxTempEverC=36
MaxTempEverCFound=44942.44577,16/01/2023 10:41:54
MinTempEverC=35
MinTempEverCFound=44942.44084,16/01/2023 10:34:48
MaxTempByDriveC=36
Dates=44942

[Sta_SKHynix_HFM256GD3HX015N (244191 MB)_FYA8N07421110945H]
44942=32,32.00,4,100,32,597213
MaxTempEverC=32
MaxTempEverCFound=44942.44357,16/01/2023 10:38:44
MinTempEverC=31
MinTempEverCFound=44942.44084,16/01/2023 10:34:48
MaxTempByDriveC=32
Dates=44942

[Sta_ADATA SP550 (114470 MB)_2G1620076564]
44942=31,31.00,4,99,31,1659136
MaxTempEverC=32
MaxTempEverCFound=44942.44084,16/01/2023 10:34:48
MinTempEverC=31
MinTempEverCFound=44942.44357,16/01/2023 10:38:44
MaxTempByDriveC=32
Dates=44942

[CurrentDrives]
DriveList=#0: WDC PC SN530 SDBPNPZ-1T00 / 20387W441206 (976756 MB)	#1: SKHynix_HFM256GD3HX015N / FYA8N07421110945H (244191 MB)	#2: ADATA SP550 / 2G1620076564 (114470 MB)

